{"name": "test_valid_login[valid]", "status": "broken", "statusDetails": {"message": "selenium.common.exceptions.NoSuchElementException: Message: no such element: Unable to locate element: {\"method\":\"css selector\",\"selector\":\"input[name=\"username\"] ~ button[aria-label=\"Clear input\"]\"}\n  (Session info: chrome=135.0.7049.115); For documentation on this error, please visit: https://www.selenium.dev/documentation/webdriver/troubleshooting/errors#no-such-element-exception\nStacktrace:\n0   chromedriver                        0x00000001026faa54 cxxbridge1$str$ptr + 2803960\n1   chromedriver                        0x00000001026f2cf0 cxxbridge1$str$ptr + 2771860\n2   chromedriver                        0x000000010223e864 cxxbridge1$string$len + 93028\n3   chromedriver                        0x0000000102285410 cxxbridge1$string$len + 382736\n4   chromedriver                        0x00000001022c6480 cxxbridge1$string$len + 649088\n5   chromedriver                        0x00000001022797ec cxxbridge1$string$len + 334572\n6   chromedriver                        0x00000001026bfccc cxxbridge1$str$ptr + 2562928\n7   chromedriver                        0x00000001026c2f98 cxxbridge1$str$ptr + 2575932\n8   chromedriver                        0x00000001026a02c4 cxxbridge1$str$ptr + 2433384\n9   chromedriver                        0x00000001026c3810 cxxbridge1$str$ptr + 2578100\n10  chromedriver                        0x00000001026912f0 cxxbridge1$str$ptr + 2371988\n11  chromedriver                        0x00000001026e357c cxxbridge1$str$ptr + 2708512\n12  chromedriver                        0x00000001026e3708 cxxbridge1$str$ptr + 2708908\n13  chromedriver                        0x00000001026f293c cxxbridge1$str$ptr + 2770912\n14  libsystem_pthread.dylib             0x00000001905282e4 _pthread_start + 136\n15  libsystem_pthread.dylib             0x00000001905230fc thread_start + 8", "trace": "conftest.py:49: in login\n    browser.find_element(By.CSS_SELECTOR, 'input[name=\"username\"] ~ button[aria-label=\"Clear input\"]').click()\n/Library/Frameworks/Python.framework/Versions/3.13/lib/python3.13/site-packages/selenium/webdriver/remote/webdriver.py:898: in find_element\n    return self.execute(Command.FIND_ELEMENT, {\"using\": by, \"value\": value})[\"value\"]\n/Library/Frameworks/Python.framework/Versions/3.13/lib/python3.13/site-packages/selenium/webdriver/remote/webdriver.py:429: in execute\n    self.error_handler.check_response(response)\n/Library/Frameworks/Python.framework/Versions/3.13/lib/python3.13/site-packages/selenium/webdriver/remote/errorhandler.py:232: in check_response\n    raise exception_class(message, screen, stacktrace)\nE   selenium.common.exceptions.NoSuchElementException: Message: no such element: Unable to locate element: {\"method\":\"css selector\",\"selector\":\"input[name=\"username\"] ~ button[aria-label=\"Clear input\"]\"}\nE     (Session info: chrome=135.0.7049.115); For documentation on this error, please visit: https://www.selenium.dev/documentation/webdriver/troubleshooting/errors#no-such-element-exception\nE   Stacktrace:\nE   0   chromedriver                        0x00000001026faa54 cxxbridge1$str$ptr + 2803960\nE   1   chromedriver                        0x00000001026f2cf0 cxxbridge1$str$ptr + 2771860\nE   2   chromedriver                        0x000000010223e864 cxxbridge1$string$len + 93028\nE   3   chromedriver                        0x0000000102285410 cxxbridge1$string$len + 382736\nE   4   chromedriver                        0x00000001022c6480 cxxbridge1$string$len + 649088\nE   5   chromedriver                        0x00000001022797ec cxxbridge1$string$len + 334572\nE   6   chromedriver                        0x00000001026bfccc cxxbridge1$str$ptr + 2562928\nE   7   chromedriver                        0x00000001026c2f98 cxxbridge1$str$ptr + 2575932\nE   8   chromedriver                        0x00000001026a02c4 cxxbridge1$str$ptr + 2433384\nE   9   chromedriver                        0x00000001026c3810 cxxbridge1$str$ptr + 2578100\nE   10  chromedriver                        0x00000001026912f0 cxxbridge1$str$ptr + 2371988\nE   11  chromedriver                        0x00000001026e357c cxxbridge1$str$ptr + 2708512\nE   12  chromedriver                        0x00000001026e3708 cxxbridge1$str$ptr + 2708908\nE   13  chromedriver                        0x00000001026f293c cxxbridge1$str$ptr + 2770912\nE   14  libsystem_pthread.dylib             0x00000001905282e4 _pthread_start + 136\nE   15  libsystem_pthread.dylib             0x00000001905230fc thread_start + 8"}, "parameters": [{"name": "login", "value": "'valid'"}], "start": 1746193207450, "stop": 1746193207450, "uuid": "6b48d2a4-957a-404c-88af-2fd83f29c221", "historyId": "f14b87d75f83bebd0ab58a8ef303d863", "testCaseId": "0f4cfe2f30d238ee996a6d867d68785c", "fullName": "tests.test_login_page#test_valid_login", "labels": [{"name": "feature", "value": "Login"}, {"name": "story", "value": "Valid login"}, {"name": "severity", "value": "critical"}, {"name": "parentSuite", "value": "tests"}, {"name": "suite", "value": "test_login_page"}, {"name": "host", "value": "XDATAChSargsyan"}, {"name": "thread", "value": "2223-MainThread"}, {"name": "framework", "value": "pytest"}, {"name": "language", "value": "cpython3"}, {"name": "package", "value": "tests.test_login_page"}]}