{"name": "test_invalid_login[invalid]", "status": "broken", "statusDetails": {"message": "selenium.common.exceptions.NoSuchElementException: Message: no such element: Unable to locate element: {\"method\":\"css selector\",\"selector\":\"input[name=\"username\"] ~ button[aria-label=\"Clear input\"]\"}\n  (Session info: chrome=135.0.7049.115); For documentation on this error, please visit: https://www.selenium.dev/documentation/webdriver/troubleshooting/errors#no-such-element-exception\nStacktrace:\n0   chromedriver                        0x0000000104ed6a54 cxxbridge1$str$ptr + 2803960\n1   chromedriver                        0x0000000104ececf0 cxxbridge1$str$ptr + 2771860\n2   chromedriver                        0x0000000104a1a864 cxxbridge1$string$len + 93028\n3   chromedriver                        0x0000000104a61410 cxxbridge1$string$len + 382736\n4   chromedriver                        0x0000000104aa2480 cxxbridge1$string$len + 649088\n5   chromedriver                        0x0000000104a557ec cxxbridge1$string$len + 334572\n6   chromedriver                        0x0000000104e9bccc cxxbridge1$str$ptr + 2562928\n7   chromedriver                        0x0000000104e9ef98 cxxbridge1$str$ptr + 2575932\n8   chromedriver                        0x0000000104e7c2c4 cxxbridge1$str$ptr + 2433384\n9   chromedriver                        0x0000000104e9f810 cxxbridge1$str$ptr + 2578100\n10  chromedriver                        0x0000000104e6d2f0 cxxbridge1$str$ptr + 2371988\n11  chromedriver                        0x0000000104ebf57c cxxbridge1$str$ptr + 2708512\n12  chromedriver                        0x0000000104ebf708 cxxbridge1$str$ptr + 2708908\n13  chromedriver                        0x0000000104ece93c cxxbridge1$str$ptr + 2770912\n14  libsystem_pthread.dylib             0x00000001905282e4 _pthread_start + 136\n15  libsystem_pthread.dylib             0x00000001905230fc thread_start + 8", "trace": "conftest.py:49: in login\n    browser.find_element(By.CSS_SELECTOR, 'input[name=\"username\"] ~ button[aria-label=\"Clear input\"]').click()\n/Library/Frameworks/Python.framework/Versions/3.13/lib/python3.13/site-packages/selenium/webdriver/remote/webdriver.py:898: in find_element\n    return self.execute(Command.FIND_ELEMENT, {\"using\": by, \"value\": value})[\"value\"]\n/Library/Frameworks/Python.framework/Versions/3.13/lib/python3.13/site-packages/selenium/webdriver/remote/webdriver.py:429: in execute\n    self.error_handler.check_response(response)\n/Library/Frameworks/Python.framework/Versions/3.13/lib/python3.13/site-packages/selenium/webdriver/remote/errorhandler.py:232: in check_response\n    raise exception_class(message, screen, stacktrace)\nE   selenium.common.exceptions.NoSuchElementException: Message: no such element: Unable to locate element: {\"method\":\"css selector\",\"selector\":\"input[name=\"username\"] ~ button[aria-label=\"Clear input\"]\"}\nE     (Session info: chrome=135.0.7049.115); For documentation on this error, please visit: https://www.selenium.dev/documentation/webdriver/troubleshooting/errors#no-such-element-exception\nE   Stacktrace:\nE   0   chromedriver                        0x0000000104ed6a54 cxxbridge1$str$ptr + 2803960\nE   1   chromedriver                        0x0000000104ececf0 cxxbridge1$str$ptr + 2771860\nE   2   chromedriver                        0x0000000104a1a864 cxxbridge1$string$len + 93028\nE   3   chromedriver                        0x0000000104a61410 cxxbridge1$string$len + 382736\nE   4   chromedriver                        0x0000000104aa2480 cxxbridge1$string$len + 649088\nE   5   chromedriver                        0x0000000104a557ec cxxbridge1$string$len + 334572\nE   6   chromedriver                        0x0000000104e9bccc cxxbridge1$str$ptr + 2562928\nE   7   chromedriver                        0x0000000104e9ef98 cxxbridge1$str$ptr + 2575932\nE   8   chromedriver                        0x0000000104e7c2c4 cxxbridge1$str$ptr + 2433384\nE   9   chromedriver                        0x0000000104e9f810 cxxbridge1$str$ptr + 2578100\nE   10  chromedriver                        0x0000000104e6d2f0 cxxbridge1$str$ptr + 2371988\nE   11  chromedriver                        0x0000000104ebf57c cxxbridge1$str$ptr + 2708512\nE   12  chromedriver                        0x0000000104ebf708 cxxbridge1$str$ptr + 2708908\nE   13  chromedriver                        0x0000000104ece93c cxxbridge1$str$ptr + 2770912\nE   14  libsystem_pthread.dylib             0x00000001905282e4 _pthread_start + 136\nE   15  libsystem_pthread.dylib             0x00000001905230fc thread_start + 8"}, "parameters": [{"name": "login", "value": "'invalid'"}], "start": 1746193875040, "stop": 1746193875040, "uuid": "92e78bed-009d-42eb-912b-d02ac5a90882", "historyId": "d925be3fd8657173032113fbdc4e0b7c", "testCaseId": "63defa2920c9dcaca3ee64639a60ddde", "fullName": "tests.test_login_page#test_invalid_login", "labels": [{"name": "story", "value": "Invalid login"}, {"name": "severity", "value": "critical"}, {"name": "feature", "value": "Login"}, {"name": "parentSuite", "value": "tests"}, {"name": "suite", "value": "test_login_page"}, {"name": "host", "value": "XDATAChSargsyan"}, {"name": "thread", "value": "2821-MainThread"}, {"name": "framework", "value": "pytest"}, {"name": "language", "value": "cpython3"}, {"name": "package", "value": "tests.test_login_page"}]}