{"uid":"810ad96bf3f0631e","name":"test_logo_present","fullName":"tests.test_main_page#test_logo_present","historyId":"45df7b39997413e77cbfaa6d92a4e4c2","time":{"start":1746194457099,"stop":1746194457099,"duration":0},"status":"broken","statusMessage":"selenium.common.exceptions.NoSuchElementException: Message: no such element: Unable to locate element: {\"method\":\"css selector\",\"selector\":\"input[name=\"username\"] ~ button[aria-label=\"Clear input\"]\"}\n  (Session info: chrome=135.0.7049.115); For documentation on this error, please visit: https://www.selenium.dev/documentation/webdriver/troubleshooting/errors#no-such-element-exception\nStacktrace:\n0   chromedriver                        0x0000000100a1ea54 cxxbridge1$str$ptr + 2803960\n1   chromedriver                        0x0000000100a16cf0 cxxbridge1$str$ptr + 2771860\n2   chromedriver                        0x0000000100562864 cxxbridge1$string$len + 93028\n3   chromedriver                        0x00000001005a9410 cxxbridge1$string$len + 382736\n4   chromedriver                        0x00000001005ea480 cxxbridge1$string$len + 649088\n5   chromedriver                        0x000000010059d7ec cxxbridge1$string$len + 334572\n6   chromedriver                        0x00000001009e3ccc cxxbridge1$str$ptr + 2562928\n7   chromedriver                        0x00000001009e6f98 cxxbridge1$str$ptr + 2575932\n8   chromedriver                        0x00000001009c42c4 cxxbridge1$str$ptr + 2433384\n9   chromedriver                        0x00000001009e7810 cxxbridge1$str$ptr + 2578100\n10  chromedriver                        0x00000001009b52f0 cxxbridge1$str$ptr + 2371988\n11  chromedriver                        0x0000000100a0757c cxxbridge1$str$ptr + 2708512\n12  chromedriver                        0x0000000100a07708 cxxbridge1$str$ptr + 2708908\n13  chromedriver                        0x0000000100a1693c cxxbridge1$str$ptr + 2770912\n14  libsystem_pthread.dylib             0x00000001905282e4 _pthread_start + 136\n15  libsystem_pthread.dylib             0x00000001905230fc thread_start + 8","statusTrace":"conftest.py:49: in login\n    browser.find_element(By.CSS_SELECTOR, 'input[name=\"username\"] ~ button[aria-label=\"Clear input\"]').click()\n/Library/Frameworks/Python.framework/Versions/3.13/lib/python3.13/site-packages/selenium/webdriver/remote/webdriver.py:898: in find_element\n    return self.execute(Command.FIND_ELEMENT, {\"using\": by, \"value\": value})[\"value\"]\n/Library/Frameworks/Python.framework/Versions/3.13/lib/python3.13/site-packages/selenium/webdriver/remote/webdriver.py:429: in execute\n    self.error_handler.check_response(response)\n/Library/Frameworks/Python.framework/Versions/3.13/lib/python3.13/site-packages/selenium/webdriver/remote/errorhandler.py:232: in check_response\n    raise exception_class(message, screen, stacktrace)\nE   selenium.common.exceptions.NoSuchElementException: Message: no such element: Unable to locate element: {\"method\":\"css selector\",\"selector\":\"input[name=\"username\"] ~ button[aria-label=\"Clear input\"]\"}\nE     (Session info: chrome=135.0.7049.115); For documentation on this error, please visit: https://www.selenium.dev/documentation/webdriver/troubleshooting/errors#no-such-element-exception\nE   Stacktrace:\nE   0   chromedriver                        0x0000000100a1ea54 cxxbridge1$str$ptr + 2803960\nE   1   chromedriver                        0x0000000100a16cf0 cxxbridge1$str$ptr + 2771860\nE   2   chromedriver                        0x0000000100562864 cxxbridge1$string$len + 93028\nE   3   chromedriver                        0x00000001005a9410 cxxbridge1$string$len + 382736\nE   4   chromedriver                        0x00000001005ea480 cxxbridge1$string$len + 649088\nE   5   chromedriver                        0x000000010059d7ec cxxbridge1$string$len + 334572\nE   6   chromedriver                        0x00000001009e3ccc cxxbridge1$str$ptr + 2562928\nE   7   chromedriver                        0x00000001009e6f98 cxxbridge1$str$ptr + 2575932\nE   8   chromedriver                        0x00000001009c42c4 cxxbridge1$str$ptr + 2433384\nE   9   chromedriver                        0x00000001009e7810 cxxbridge1$str$ptr + 2578100\nE   10  chromedriver                        0x00000001009b52f0 cxxbridge1$str$ptr + 2371988\nE   11  chromedriver                        0x0000000100a0757c cxxbridge1$str$ptr + 2708512\nE   12  chromedriver                        0x0000000100a07708 cxxbridge1$str$ptr + 2708908\nE   13  chromedriver                        0x0000000100a1693c cxxbridge1$str$ptr + 2770912\nE   14  libsystem_pthread.dylib             0x00000001905282e4 _pthread_start + 136\nE   15  libsystem_pthread.dylib             0x00000001905230fc thread_start + 8","flaky":false,"newFailed":false,"newBroken":false,"newPassed":false,"retriesCount":0,"retriesStatusChange":false,"beforeStages":[{"name":"browser","time":{"start":1746194427645,"stop":1746194429286,"duration":1641},"status":"passed","steps":[],"attachments":[],"parameters":[],"stepsCount":0,"hasContent":false,"shouldDisplayMessage":false,"attachmentsCount":0,"attachmentStep":false},{"name":"browser","time":{"start":1746194453920,"stop":1746194455097,"duration":1177},"status":"passed","steps":[],"attachments":[],"parameters":[],"stepsCount":0,"hasContent":false,"shouldDisplayMessage":false,"attachmentsCount":0,"attachmentStep":false},{"name":"login","time":{"start":1746194457099,"stop":1746194467172,"duration":10073},"status":"broken","statusMessage":"selenium.common.exceptions.NoSuchElementException: Message: no such element: Unable to locate element: {\"method\":\"css selector\",\"selector\":\"input[name=\"username\"] ~ button[aria-label=\"Clear input\"]\"}\n  (Session info: chrome=135.0.7049.115); For documentation on this error, please visit: https://www.selenium.dev/documentation/webdriver/troubleshooting/errors#no-such-element-exception\nStacktrace:\n0   chromedriver                        0x0000000100a1ea54 cxxbridge1$str$ptr + 2803960\n1   chromedriver                        0x0000000100a16cf0 cxxbridge1$str$ptr + 2771860\n2   chromedriver                        0x0000000100562864 cxxbridge1$string$len + 93028\n3   chromedriver                        0x00000001005a9410 cxxbridge1$string$len + 382736\n4   chromedriver                        0x00000001005ea480 cxxbridge1$string$len + 649088\n5   chromedriver                        0x000000010059d7ec cxxbridge1$string$len + 334572\n6   chromedriver                        0x00000001009e3ccc cxxbridge1$str$ptr + 2562928\n7   chromedriver                        0x00000001009e6f98 cxxbridge1$str$ptr + 2575932\n8   chromedriver                        0x00000001009c42c4 cxxbridge1$str$ptr + 2433384\n9   chromedriver                        0x00000001009e7810 cxxbridge1$str$ptr + 2578100\n10  chromedriver                        0x00000001009b52f0 cxxbridge1$str$ptr + 2371988\n11  chromedriver                        0x0000000100a0757c cxxbridge1$str$ptr + 2708512\n12  chromedriver                        0x0000000100a07708 cxxbridge1$str$ptr + 2708908\n13  chromedriver                        0x0000000100a1693c cxxbridge1$str$ptr + 2770912\n14  libsystem_pthread.dylib             0x00000001905282e4 _pthread_start + 136\n15  libsystem_pthread.dylib             0x00000001905230fc thread_start + 8\n\n","statusTrace":"  File \"/Library/Frameworks/Python.framework/Versions/3.13/lib/python3.13/site-packages/pluggy/_callers.py\", line 167, in _multicall\n    teardown.throw(outcome._exception)\n    ~~~~~~~~~~~~~~^^^^^^^^^^^^^^^^^^^^\n  File \"/Library/Frameworks/Python.framework/Versions/3.13/lib/python3.13/site-packages/_pytest/setuponly.py\", line 36, in pytest_fixture_setup\n    return (yield)\n            ^^^^^\n  File \"/Library/Frameworks/Python.framework/Versions/3.13/lib/python3.13/site-packages/pluggy/_callers.py\", line 103, in _multicall\n    res = hook_impl.function(*args)\n  File \"/Library/Frameworks/Python.framework/Versions/3.13/lib/python3.13/site-packages/_pytest/fixtures.py\", line 1140, in pytest_fixture_setup\n    result = call_fixture_func(fixturefunc, request, kwargs)\n  File \"/Library/Frameworks/Python.framework/Versions/3.13/lib/python3.13/site-packages/_pytest/fixtures.py\", line 891, in call_fixture_func\n    fixture_result = next(generator)\n  File \"/Users/christinesargsyan/Documents/Automation/Comcora/conftest.py\", line 49, in login\n    browser.find_element(By.CSS_SELECTOR, 'input[name=\"username\"] ~ button[aria-label=\"Clear input\"]').click()\n    ~~~~~~~~~~~~~~~~~~~~^^^^^^^^^^^^^^^^^^^^^^^^^^^^^^^^^^^^^^^^^^^^^^^^^^^^^^^^^^^^^^^^^^^^^^^^^^^^^^\n  File \"/Library/Frameworks/Python.framework/Versions/3.13/lib/python3.13/site-packages/selenium/webdriver/remote/webdriver.py\", line 898, in find_element\n    return self.execute(Command.FIND_ELEMENT, {\"using\": by, \"value\": value})[\"value\"]\n           ~~~~~~~~~~~~^^^^^^^^^^^^^^^^^^^^^^^^^^^^^^^^^^^^^^^^^^^^^^^^^^^^^\n  File \"/Library/Frameworks/Python.framework/Versions/3.13/lib/python3.13/site-packages/selenium/webdriver/remote/webdriver.py\", line 429, in execute\n    self.error_handler.check_response(response)\n    ~~~~~~~~~~~~~~~~~~~~~~~~~~~~~~~~~^^^^^^^^^^\n  File \"/Library/Frameworks/Python.framework/Versions/3.13/lib/python3.13/site-packages/selenium/webdriver/remote/errorhandler.py\", line 232, in check_response\n    raise exception_class(message, screen, stacktrace)\n","steps":[],"attachments":[],"parameters":[],"stepsCount":0,"hasContent":true,"shouldDisplayMessage":true,"attachmentsCount":0,"attachmentStep":false}],"afterStages":[{"name":"browser::0","time":{"start":1746194507553,"stop":1746194507643,"duration":90},"status":"passed","steps":[],"attachments":[],"parameters":[],"stepsCount":0,"hasContent":false,"shouldDisplayMessage":false,"attachmentsCount":0,"attachmentStep":false},{"name":"browser::0","time":{"start":1746194507643,"stop":1746194507741,"duration":98},"status":"passed","steps":[],"attachments":[],"parameters":[],"stepsCount":0,"hasContent":false,"shouldDisplayMessage":false,"attachmentsCount":0,"attachmentStep":false}],"labels":[{"name":"parentSuite","value":"tests"},{"name":"suite","value":"test_main_page"},{"name":"host","value":"XDATAChSargsyan"},{"name":"thread","value":"3420-MainThread"},{"name":"framework","value":"pytest"},{"name":"language","value":"cpython3"},{"name":"package","value":"tests.test_main_page"},{"name":"resultFormat","value":"allure2"}],"parameters":[],"links":[],"hidden":true,"retry":true,"extra":{"categories":[],"tags":[]},"source":"810ad96bf3f0631e.json","parameterValues":[]}