{"uid":"f1820060269c1389","name":"test_invalid_login[invalid]","fullName":"tests.test_login_page#test_invalid_login","historyId":"d925be3fd8657173032113fbdc4e0b7c","time":{"start":1746194829671,"stop":1746194829671,"duration":0},"status":"broken","statusMessage":"selenium.common.exceptions.NoSuchElementException: Message: no such element: Unable to locate element: {\"method\":\"css selector\",\"selector\":\"input[name=\"username\"] ~ button[aria-label=\"Clear input\"]\"}\n  (Session info: chrome=135.0.7049.115); For documentation on this error, please visit: https://www.selenium.dev/documentation/webdriver/troubleshooting/errors#no-such-element-exception\nStacktrace:\n0   chromedriver                        0x000000010543ea54 cxxbridge1$str$ptr + 2803960\n1   chromedriver                        0x0000000105436cf0 cxxbridge1$str$ptr + 2771860\n2   chromedriver                        0x0000000104f82864 cxxbridge1$string$len + 93028\n3   chromedriver                        0x0000000104fc9410 cxxbridge1$string$len + 382736\n4   chromedriver                        0x000000010500a480 cxxbridge1$string$len + 649088\n5   chromedriver                        0x0000000104fbd7ec cxxbridge1$string$len + 334572\n6   chromedriver                        0x0000000105403ccc cxxbridge1$str$ptr + 2562928\n7   chromedriver                        0x0000000105406f98 cxxbridge1$str$ptr + 2575932\n8   chromedriver                        0x00000001053e42c4 cxxbridge1$str$ptr + 2433384\n9   chromedriver                        0x0000000105407810 cxxbridge1$str$ptr + 2578100\n10  chromedriver                        0x00000001053d52f0 cxxbridge1$str$ptr + 2371988\n11  chromedriver                        0x000000010542757c cxxbridge1$str$ptr + 2708512\n12  chromedriver                        0x0000000105427708 cxxbridge1$str$ptr + 2708908\n13  chromedriver                        0x000000010543693c cxxbridge1$str$ptr + 2770912\n14  libsystem_pthread.dylib             0x00000001905282e4 _pthread_start + 136\n15  libsystem_pthread.dylib             0x00000001905230fc thread_start + 8","statusTrace":"conftest.py:49: in login\n    browser.find_element(By.CSS_SELECTOR, 'input[name=\"username\"] ~ button[aria-label=\"Clear input\"]').click()\n/Library/Frameworks/Python.framework/Versions/3.13/lib/python3.13/site-packages/selenium/webdriver/remote/webdriver.py:898: in find_element\n    return self.execute(Command.FIND_ELEMENT, {\"using\": by, \"value\": value})[\"value\"]\n/Library/Frameworks/Python.framework/Versions/3.13/lib/python3.13/site-packages/selenium/webdriver/remote/webdriver.py:429: in execute\n    self.error_handler.check_response(response)\n/Library/Frameworks/Python.framework/Versions/3.13/lib/python3.13/site-packages/selenium/webdriver/remote/errorhandler.py:232: in check_response\n    raise exception_class(message, screen, stacktrace)\nE   selenium.common.exceptions.NoSuchElementException: Message: no such element: Unable to locate element: {\"method\":\"css selector\",\"selector\":\"input[name=\"username\"] ~ button[aria-label=\"Clear input\"]\"}\nE     (Session info: chrome=135.0.7049.115); For documentation on this error, please visit: https://www.selenium.dev/documentation/webdriver/troubleshooting/errors#no-such-element-exception\nE   Stacktrace:\nE   0   chromedriver                        0x000000010543ea54 cxxbridge1$str$ptr + 2803960\nE   1   chromedriver                        0x0000000105436cf0 cxxbridge1$str$ptr + 2771860\nE   2   chromedriver                        0x0000000104f82864 cxxbridge1$string$len + 93028\nE   3   chromedriver                        0x0000000104fc9410 cxxbridge1$string$len + 382736\nE   4   chromedriver                        0x000000010500a480 cxxbridge1$string$len + 649088\nE   5   chromedriver                        0x0000000104fbd7ec cxxbridge1$string$len + 334572\nE   6   chromedriver                        0x0000000105403ccc cxxbridge1$str$ptr + 2562928\nE   7   chromedriver                        0x0000000105406f98 cxxbridge1$str$ptr + 2575932\nE   8   chromedriver                        0x00000001053e42c4 cxxbridge1$str$ptr + 2433384\nE   9   chromedriver                        0x0000000105407810 cxxbridge1$str$ptr + 2578100\nE   10  chromedriver                        0x00000001053d52f0 cxxbridge1$str$ptr + 2371988\nE   11  chromedriver                        0x000000010542757c cxxbridge1$str$ptr + 2708512\nE   12  chromedriver                        0x0000000105427708 cxxbridge1$str$ptr + 2708908\nE   13  chromedriver                        0x000000010543693c cxxbridge1$str$ptr + 2770912\nE   14  libsystem_pthread.dylib             0x00000001905282e4 _pthread_start + 136\nE   15  libsystem_pthread.dylib             0x00000001905230fc thread_start + 8","flaky":false,"newFailed":false,"newBroken":false,"newPassed":false,"retriesCount":4,"retriesStatusChange":false,"beforeStages":[{"name":"browser","time":{"start":1746194813274,"stop":1746194815175,"duration":1901},"status":"passed","steps":[],"attachments":[],"parameters":[],"stepsCount":0,"hasContent":false,"shouldDisplayMessage":false,"attachmentsCount":0,"attachmentStep":false},{"name":"login","time":{"start":1746194829672,"stop":1746194839753,"duration":10081},"status":"broken","statusMessage":"selenium.common.exceptions.NoSuchElementException: Message: no such element: Unable to locate element: {\"method\":\"css selector\",\"selector\":\"input[name=\"username\"] ~ button[aria-label=\"Clear input\"]\"}\n  (Session info: chrome=135.0.7049.115); For documentation on this error, please visit: https://www.selenium.dev/documentation/webdriver/troubleshooting/errors#no-such-element-exception\nStacktrace:\n0   chromedriver                        0x000000010543ea54 cxxbridge1$str$ptr + 2803960\n1   chromedriver                        0x0000000105436cf0 cxxbridge1$str$ptr + 2771860\n2   chromedriver                        0x0000000104f82864 cxxbridge1$string$len + 93028\n3   chromedriver                        0x0000000104fc9410 cxxbridge1$string$len + 382736\n4   chromedriver                        0x000000010500a480 cxxbridge1$string$len + 649088\n5   chromedriver                        0x0000000104fbd7ec cxxbridge1$string$len + 334572\n6   chromedriver                        0x0000000105403ccc cxxbridge1$str$ptr + 2562928\n7   chromedriver                        0x0000000105406f98 cxxbridge1$str$ptr + 2575932\n8   chromedriver                        0x00000001053e42c4 cxxbridge1$str$ptr + 2433384\n9   chromedriver                        0x0000000105407810 cxxbridge1$str$ptr + 2578100\n10  chromedriver                        0x00000001053d52f0 cxxbridge1$str$ptr + 2371988\n11  chromedriver                        0x000000010542757c cxxbridge1$str$ptr + 2708512\n12  chromedriver                        0x0000000105427708 cxxbridge1$str$ptr + 2708908\n13  chromedriver                        0x000000010543693c cxxbridge1$str$ptr + 2770912\n14  libsystem_pthread.dylib             0x00000001905282e4 _pthread_start + 136\n15  libsystem_pthread.dylib             0x00000001905230fc thread_start + 8\n\n","statusTrace":"  File \"/Library/Frameworks/Python.framework/Versions/3.13/lib/python3.13/site-packages/pluggy/_callers.py\", line 167, in _multicall\n    teardown.throw(outcome._exception)\n    ~~~~~~~~~~~~~~^^^^^^^^^^^^^^^^^^^^\n  File \"/Library/Frameworks/Python.framework/Versions/3.13/lib/python3.13/site-packages/_pytest/setuponly.py\", line 36, in pytest_fixture_setup\n    return (yield)\n            ^^^^^\n  File \"/Library/Frameworks/Python.framework/Versions/3.13/lib/python3.13/site-packages/pluggy/_callers.py\", line 103, in _multicall\n    res = hook_impl.function(*args)\n  File \"/Library/Frameworks/Python.framework/Versions/3.13/lib/python3.13/site-packages/_pytest/fixtures.py\", line 1140, in pytest_fixture_setup\n    result = call_fixture_func(fixturefunc, request, kwargs)\n  File \"/Library/Frameworks/Python.framework/Versions/3.13/lib/python3.13/site-packages/_pytest/fixtures.py\", line 891, in call_fixture_func\n    fixture_result = next(generator)\n  File \"/Users/christinesargsyan/Documents/Automation/Comcora/conftest.py\", line 49, in login\n    browser.find_element(By.CSS_SELECTOR, 'input[name=\"username\"] ~ button[aria-label=\"Clear input\"]').click()\n    ~~~~~~~~~~~~~~~~~~~~^^^^^^^^^^^^^^^^^^^^^^^^^^^^^^^^^^^^^^^^^^^^^^^^^^^^^^^^^^^^^^^^^^^^^^^^^^^^^^\n  File \"/Library/Frameworks/Python.framework/Versions/3.13/lib/python3.13/site-packages/selenium/webdriver/remote/webdriver.py\", line 898, in find_element\n    return self.execute(Command.FIND_ELEMENT, {\"using\": by, \"value\": value})[\"value\"]\n           ~~~~~~~~~~~~^^^^^^^^^^^^^^^^^^^^^^^^^^^^^^^^^^^^^^^^^^^^^^^^^^^^^\n  File \"/Library/Frameworks/Python.framework/Versions/3.13/lib/python3.13/site-packages/selenium/webdriver/remote/webdriver.py\", line 429, in execute\n    self.error_handler.check_response(response)\n    ~~~~~~~~~~~~~~~~~~~~~~~~~~~~~~~~~^^^^^^^^^^\n  File \"/Library/Frameworks/Python.framework/Versions/3.13/lib/python3.13/site-packages/selenium/webdriver/remote/errorhandler.py\", line 232, in check_response\n    raise exception_class(message, screen, stacktrace)\n","steps":[],"attachments":[],"parameters":[],"stepsCount":0,"hasContent":true,"shouldDisplayMessage":true,"attachmentsCount":0,"attachmentStep":false}],"afterStages":[{"name":"browser::0","time":{"start":1746194893455,"stop":1746194893546,"duration":91},"status":"passed","steps":[],"attachments":[],"parameters":[],"stepsCount":0,"hasContent":false,"shouldDisplayMessage":false,"attachmentsCount":0,"attachmentStep":false}],"labels":[{"name":"severity","value":"critical"},{"name":"feature","value":"Login"},{"name":"story","value":"Invalid login"},{"name":"parentSuite","value":"tests"},{"name":"suite","value":"test_login_page"},{"name":"host","value":"XDATAChSargsyan"},{"name":"thread","value":"3932-MainThread"},{"name":"framework","value":"pytest"},{"name":"language","value":"cpython3"},{"name":"package","value":"tests.test_login_page"},{"name":"resultFormat","value":"allure2"}],"parameters":[{"name":"login","value":"'invalid'"}],"links":[],"hidden":false,"retry":false,"extra":{"severity":"critical","retries":[{"uid":"c621cdd61e1d88ad","status":"broken","statusDetails":"selenium.common.exceptions.NoSuchElementException: Message: no such element: Unable to locate element: {\"method\":\"css selector\",\"selector\":\"input[name=\"username\"] ~ button[aria-label=\"Clear input\"]\"}\n  (Session info: chrome=135.0.7049.115); For documentation on this error, please visit: https://www.selenium.dev/documentation/webdriver/troubleshooting/errors#no-such-element-exception\nStacktrace:\n0   chromedriver                        0x0000000102d7aa54 cxxbridge1$str$ptr + 2803960\n1   chromedriver                        0x0000000102d72cf0 cxxbridge1$str$ptr + 2771860\n2   chromedriver                        0x00000001028be864 cxxbridge1$string$len + 93028\n3   chromedriver                        0x0000000102905410 cxxbridge1$string$len + 382736\n4   chromedriver                        0x0000000102946480 cxxbridge1$string$len + 649088\n5   chromedriver                        0x00000001028f97ec cxxbridge1$string$len + 334572\n6   chromedriver                        0x0000000102d3fccc cxxbridge1$str$ptr + 2562928\n7   chromedriver                        0x0000000102d42f98 cxxbridge1$str$ptr + 2575932\n8   chromedriver                        0x0000000102d202c4 cxxbridge1$str$ptr + 2433384\n9   chromedriver                        0x0000000102d43810 cxxbridge1$str$ptr + 2578100\n10  chromedriver                        0x0000000102d112f0 cxxbridge1$str$ptr + 2371988\n11  chromedriver                        0x0000000102d6357c cxxbridge1$str$ptr + 2708512\n12  chromedriver                        0x0000000102d63708 cxxbridge1$str$ptr + 2708908\n13  chromedriver                        0x0000000102d7293c cxxbridge1$str$ptr + 2770912\n14  libsystem_pthread.dylib             0x00000001905282e4 _pthread_start + 136\n15  libsystem_pthread.dylib             0x00000001905230fc thread_start + 8","time":{"start":1746194443844,"stop":1746194443844,"duration":0}},{"uid":"d9802a89fa3b98c7","status":"broken","statusDetails":"selenium.common.exceptions.NoSuchElementException: Message: no such element: Unable to locate element: {\"method\":\"css selector\",\"selector\":\"input[name=\"username\"] ~ button[aria-label=\"Clear input\"]\"}\n  (Session info: chrome=135.0.7049.115); For documentation on this error, please visit: https://www.selenium.dev/documentation/webdriver/troubleshooting/errors#no-such-element-exception\nStacktrace:\n0   chromedriver                        0x0000000104ed6a54 cxxbridge1$str$ptr + 2803960\n1   chromedriver                        0x0000000104ececf0 cxxbridge1$str$ptr + 2771860\n2   chromedriver                        0x0000000104a1a864 cxxbridge1$string$len + 93028\n3   chromedriver                        0x0000000104a61410 cxxbridge1$string$len + 382736\n4   chromedriver                        0x0000000104aa2480 cxxbridge1$string$len + 649088\n5   chromedriver                        0x0000000104a557ec cxxbridge1$string$len + 334572\n6   chromedriver                        0x0000000104e9bccc cxxbridge1$str$ptr + 2562928\n7   chromedriver                        0x0000000104e9ef98 cxxbridge1$str$ptr + 2575932\n8   chromedriver                        0x0000000104e7c2c4 cxxbridge1$str$ptr + 2433384\n9   chromedriver                        0x0000000104e9f810 cxxbridge1$str$ptr + 2578100\n10  chromedriver                        0x0000000104e6d2f0 cxxbridge1$str$ptr + 2371988\n11  chromedriver                        0x0000000104ebf57c cxxbridge1$str$ptr + 2708512\n12  chromedriver                        0x0000000104ebf708 cxxbridge1$str$ptr + 2708908\n13  chromedriver                        0x0000000104ece93c cxxbridge1$str$ptr + 2770912\n14  libsystem_pthread.dylib             0x00000001905282e4 _pthread_start + 136\n15  libsystem_pthread.dylib             0x00000001905230fc thread_start + 8","time":{"start":1746193875040,"stop":1746193875040,"duration":0}},{"uid":"2f7e7cb72b01bfb6","status":"broken","statusDetails":"selenium.common.exceptions.NoSuchElementException: Message: no such element: Unable to locate element: {\"method\":\"css selector\",\"selector\":\"input[name=\"username\"] ~ button[aria-label=\"Clear input\"]\"}\n  (Session info: chrome=135.0.7049.115); For documentation on this error, please visit: https://www.selenium.dev/documentation/webdriver/troubleshooting/errors#no-such-element-exception\nStacktrace:\n0   chromedriver                        0x00000001026faa54 cxxbridge1$str$ptr + 2803960\n1   chromedriver                        0x00000001026f2cf0 cxxbridge1$str$ptr + 2771860\n2   chromedriver                        0x000000010223e864 cxxbridge1$string$len + 93028\n3   chromedriver                        0x0000000102285410 cxxbridge1$string$len + 382736\n4   chromedriver                        0x00000001022c6480 cxxbridge1$string$len + 649088\n5   chromedriver                        0x00000001022797ec cxxbridge1$string$len + 334572\n6   chromedriver                        0x00000001026bfccc cxxbridge1$str$ptr + 2562928\n7   chromedriver                        0x00000001026c2f98 cxxbridge1$str$ptr + 2575932\n8   chromedriver                        0x00000001026a02c4 cxxbridge1$str$ptr + 2433384\n9   chromedriver                        0x00000001026c3810 cxxbridge1$str$ptr + 2578100\n10  chromedriver                        0x00000001026912f0 cxxbridge1$str$ptr + 2371988\n11  chromedriver                        0x00000001026e357c cxxbridge1$str$ptr + 2708512\n12  chromedriver                        0x00000001026e3708 cxxbridge1$str$ptr + 2708908\n13  chromedriver                        0x00000001026f293c cxxbridge1$str$ptr + 2770912\n14  libsystem_pthread.dylib             0x00000001905282e4 _pthread_start + 136\n15  libsystem_pthread.dylib             0x00000001905230fc thread_start + 8","time":{"start":1746193217517,"stop":1746193217517,"duration":0}},{"uid":"bfdf84ced377adb0","status":"broken","statusDetails":"selenium.common.exceptions.NoSuchElementException: Message: no such element: Unable to locate element: {\"method\":\"css selector\",\"selector\":\"input[name=\"username\"] ~ button[aria-label=\"Clear input\"]\"}\n  (Session info: chrome=135.0.7049.115); For documentation on this error, please visit: https://www.selenium.dev/documentation/webdriver/troubleshooting/errors#no-such-element-exception\nStacktrace:\n0   chromedriver                        0x000000010099ea54 cxxbridge1$str$ptr + 2803960\n1   chromedriver                        0x0000000100996cf0 cxxbridge1$str$ptr + 2771860\n2   chromedriver                        0x00000001004e2864 cxxbridge1$string$len + 93028\n3   chromedriver                        0x0000000100529410 cxxbridge1$string$len + 382736\n4   chromedriver                        0x000000010056a480 cxxbridge1$string$len + 649088\n5   chromedriver                        0x000000010051d7ec cxxbridge1$string$len + 334572\n6   chromedriver                        0x0000000100963ccc cxxbridge1$str$ptr + 2562928\n7   chromedriver                        0x0000000100966f98 cxxbridge1$str$ptr + 2575932\n8   chromedriver                        0x00000001009442c4 cxxbridge1$str$ptr + 2433384\n9   chromedriver                        0x0000000100967810 cxxbridge1$str$ptr + 2578100\n10  chromedriver                        0x00000001009352f0 cxxbridge1$str$ptr + 2371988\n11  chromedriver                        0x000000010098757c cxxbridge1$str$ptr + 2708512\n12  chromedriver                        0x0000000100987708 cxxbridge1$str$ptr + 2708908\n13  chromedriver                        0x000000010099693c cxxbridge1$str$ptr + 2770912\n14  libsystem_pthread.dylib             0x00000001905282e4 _pthread_start + 136\n15  libsystem_pthread.dylib             0x00000001905230fc thread_start + 8","time":{"start":1746191610972,"stop":1746191610972,"duration":0}}],"categories":[{"name":"Test defects","matchedStatuses":[]}],"tags":[]},"source":"f1820060269c1389.json","parameterValues":["'invalid'"]}