{"98c08e060bd1642247d87a710ea1d9e2":{"statistic":{"failed":0,"broken":0,"skipped":1,"passed":0,"unknown":0,"total":1},"items":[{"uid":"4277de0692194964","status":"skipped","statusDetails":"Skipped: unconditional skip","time":{"start":1746194819577,"stop":1746194819577,"duration":0}}]},"60a7f3d92b7567026a69d9364dec09f8":{"statistic":{"failed":0,"broken":1,"skipped":0,"passed":0,"unknown":0,"total":1},"items":[{"uid":"1f63b66d0707f182","status":"broken","statusDetails":"AttributeError: 'SubRequest' object has no attribute 'param'","time":{"start":1746194839777,"stop":1746194839777,"duration":0}}]},"020364a038fcf006e28bb74a53351f29":{"statistic":{"failed":0,"broken":1,"skipped":0,"passed":0,"unknown":0,"total":1},"items":[{"uid":"78d20c785680c79b","status":"broken","statusDetails":"AttributeError: 'SubRequest' object has no attribute 'param'","time":{"start":1746194819474,"stop":1746194819474,"duration":0}}]},"8308af87a9152fe141b8d396a50986bb":{"statistic":{"failed":0,"broken":1,"skipped":0,"passed":0,"unknown":0,"total":1},"items":[{"uid":"df770410472a8f2","status":"broken","statusDetails":"selenium.common.exceptions.NoSuchElementException: Message: no such element: Unable to locate element: {\"method\":\"css selector\",\"selector\":\"input[name=\"username\"] ~ button[aria-label=\"Clear input\"]\"}\n  (Session info: chrome=135.0.7049.115); For documentation on this error, please visit: https://www.selenium.dev/documentation/webdriver/troubleshooting/errors#no-such-element-exception\nStacktrace:\n0   chromedriver                        0x000000010051ea54 cxxbridge1$str$ptr + 2803960\n1   chromedriver                        0x0000000100516cf0 cxxbridge1$str$ptr + 2771860\n2   chromedriver                        0x0000000100062864 cxxbridge1$string$len + 93028\n3   chromedriver                        0x00000001000a9410 cxxbridge1$string$len + 382736\n4   chromedriver                        0x00000001000ea480 cxxbridge1$string$len + 649088\n5   chromedriver                        0x000000010009d7ec cxxbridge1$string$len + 334572\n6   chromedriver                        0x00000001004e3ccc cxxbridge1$str$ptr + 2562928\n7   chromedriver                        0x00000001004e6f98 cxxbridge1$str$ptr + 2575932\n8   chromedriver                        0x00000001004c42c4 cxxbridge1$str$ptr + 2433384\n9   chromedriver                        0x00000001004e7810 cxxbridge1$str$ptr + 2578100\n10  chromedriver                        0x00000001004b52f0 cxxbridge1$str$ptr + 2371988\n11  chromedriver                        0x000000010050757c cxxbridge1$str$ptr + 2708512\n12  chromedriver                        0x0000000100507708 cxxbridge1$str$ptr + 2708908\n13  chromedriver                        0x000000010051693c cxxbridge1$str$ptr + 2770912\n14  libsystem_pthread.dylib             0x00000001905282e4 _pthread_start + 136\n15  libsystem_pthread.dylib             0x00000001905230fc thread_start + 8","time":{"start":1746194873217,"stop":1746194873217,"duration":0}}]},"077a64e821828fe3071b4fba8a5bde95":{"statistic":{"failed":0,"broken":1,"skipped":0,"passed":0,"unknown":0,"total":1},"items":[{"uid":"4f07ea0963d61c1a","status":"broken","statusDetails":"selenium.common.exceptions.NoSuchElementException: Message: no such element: Unable to locate element: {\"method\":\"css selector\",\"selector\":\"input[name=\"username\"] ~ button[aria-label=\"Clear input\"]\"}\n  (Session info: chrome=135.0.7049.115); For documentation on this error, please visit: https://www.selenium.dev/documentation/webdriver/troubleshooting/errors#no-such-element-exception\nStacktrace:\n0   chromedriver                        0x000000010051ea54 cxxbridge1$str$ptr + 2803960\n1   chromedriver                        0x0000000100516cf0 cxxbridge1$str$ptr + 2771860\n2   chromedriver                        0x0000000100062864 cxxbridge1$string$len + 93028\n3   chromedriver                        0x00000001000a9410 cxxbridge1$string$len + 382736\n4   chromedriver                        0x00000001000ea480 cxxbridge1$string$len + 649088\n5   chromedriver                        0x000000010009d7ec cxxbridge1$string$len + 334572\n6   chromedriver                        0x00000001004e3ccc cxxbridge1$str$ptr + 2562928\n7   chromedriver                        0x00000001004e6f98 cxxbridge1$str$ptr + 2575932\n8   chromedriver                        0x00000001004c42c4 cxxbridge1$str$ptr + 2433384\n9   chromedriver                        0x00000001004e7810 cxxbridge1$str$ptr + 2578100\n10  chromedriver                        0x00000001004b52f0 cxxbridge1$str$ptr + 2371988\n11  chromedriver                        0x000000010050757c cxxbridge1$str$ptr + 2708512\n12  chromedriver                        0x0000000100507708 cxxbridge1$str$ptr + 2708908\n13  chromedriver                        0x000000010051693c cxxbridge1$str$ptr + 2770912\n14  libsystem_pthread.dylib             0x00000001905282e4 _pthread_start + 136\n15  libsystem_pthread.dylib             0x00000001905230fc thread_start + 8","time":{"start":1746194863119,"stop":1746194863119,"duration":0}}]},"78308367e539e7f145c3a240761fa889":{"statistic":{"failed":0,"broken":1,"skipped":0,"passed":0,"unknown":0,"total":1},"items":[{"uid":"ba4ef9cbe1f04a7d","status":"broken","statusDetails":"selenium.common.exceptions.NoSuchElementException: Message: no such element: Unable to locate element: {\"method\":\"css selector\",\"selector\":\"input[name=\"username\"] ~ button[aria-label=\"Clear input\"]\"}\n  (Session info: chrome=135.0.7049.115); For documentation on this error, please visit: https://www.selenium.dev/documentation/webdriver/troubleshooting/errors#no-such-element-exception\nStacktrace:\n0   chromedriver                        0x000000010051ea54 cxxbridge1$str$ptr + 2803960\n1   chromedriver                        0x0000000100516cf0 cxxbridge1$str$ptr + 2771860\n2   chromedriver                        0x0000000100062864 cxxbridge1$string$len + 93028\n3   chromedriver                        0x00000001000a9410 cxxbridge1$string$len + 382736\n4   chromedriver                        0x00000001000ea480 cxxbridge1$string$len + 649088\n5   chromedriver                        0x000000010009d7ec cxxbridge1$string$len + 334572\n6   chromedriver                        0x00000001004e3ccc cxxbridge1$str$ptr + 2562928\n7   chromedriver                        0x00000001004e6f98 cxxbridge1$str$ptr + 2575932\n8   chromedriver                        0x00000001004c42c4 cxxbridge1$str$ptr + 2433384\n9   chromedriver                        0x00000001004e7810 cxxbridge1$str$ptr + 2578100\n10  chromedriver                        0x00000001004b52f0 cxxbridge1$str$ptr + 2371988\n11  chromedriver                        0x000000010050757c cxxbridge1$str$ptr + 2708512\n12  chromedriver                        0x0000000100507708 cxxbridge1$str$ptr + 2708908\n13  chromedriver                        0x000000010051693c cxxbridge1$str$ptr + 2770912\n14  libsystem_pthread.dylib             0x00000001905282e4 _pthread_start + 136\n15  libsystem_pthread.dylib             0x00000001905230fc thread_start + 8","time":{"start":1746194883316,"stop":1746194883316,"duration":0}}]},"fd9292610f685c476e4fbf40010b754f":{"statistic":{"failed":0,"broken":1,"skipped":0,"passed":0,"unknown":0,"total":1},"items":[{"uid":"f345dff68d011f44","status":"broken","statusDetails":"selenium.common.exceptions.NoSuchElementException: Message: no such element: Unable to locate element: {\"method\":\"css selector\",\"selector\":\"input[name=\"username\"] ~ button[aria-label=\"Clear input\"]\"}\n  (Session info: chrome=135.0.7049.115); For documentation on this error, please visit: https://www.selenium.dev/documentation/webdriver/troubleshooting/errors#no-such-element-exception\nStacktrace:\n0   chromedriver                        0x000000010051ea54 cxxbridge1$str$ptr + 2803960\n1   chromedriver                        0x0000000100516cf0 cxxbridge1$str$ptr + 2771860\n2   chromedriver                        0x0000000100062864 cxxbridge1$string$len + 93028\n3   chromedriver                        0x00000001000a9410 cxxbridge1$string$len + 382736\n4   chromedriver                        0x00000001000ea480 cxxbridge1$string$len + 649088\n5   chromedriver                        0x000000010009d7ec cxxbridge1$string$len + 334572\n6   chromedriver                        0x00000001004e3ccc cxxbridge1$str$ptr + 2562928\n7   chromedriver                        0x00000001004e6f98 cxxbridge1$str$ptr + 2575932\n8   chromedriver                        0x00000001004c42c4 cxxbridge1$str$ptr + 2433384\n9   chromedriver                        0x00000001004e7810 cxxbridge1$str$ptr + 2578100\n10  chromedriver                        0x00000001004b52f0 cxxbridge1$str$ptr + 2371988\n11  chromedriver                        0x000000010050757c cxxbridge1$str$ptr + 2708512\n12  chromedriver                        0x0000000100507708 cxxbridge1$str$ptr + 2708908\n13  chromedriver                        0x000000010051693c cxxbridge1$str$ptr + 2770912\n14  libsystem_pthread.dylib             0x00000001905282e4 _pthread_start + 136\n15  libsystem_pthread.dylib             0x00000001905230fc thread_start + 8","time":{"start":1746194853045,"stop":1746194853045,"duration":0}}]},"f14b87d75f83bebd0ab58a8ef303d863":{"statistic":{"failed":0,"broken":1,"skipped":0,"passed":0,"unknown":0,"total":1},"items":[{"uid":"796f705e04be58d5","status":"broken","statusDetails":"selenium.common.exceptions.NoSuchElementException: Message: no such element: Unable to locate element: {\"method\":\"css selector\",\"selector\":\"input[name=\"username\"] ~ button[aria-label=\"Clear input\"]\"}\n  (Session info: chrome=135.0.7049.115); For documentation on this error, please visit: https://www.selenium.dev/documentation/webdriver/troubleshooting/errors#no-such-element-exception\nStacktrace:\n0   chromedriver                        0x000000010543ea54 cxxbridge1$str$ptr + 2803960\n1   chromedriver                        0x0000000105436cf0 cxxbridge1$str$ptr + 2771860\n2   chromedriver                        0x0000000104f82864 cxxbridge1$string$len + 93028\n3   chromedriver                        0x0000000104fc9410 cxxbridge1$string$len + 382736\n4   chromedriver                        0x000000010500a480 cxxbridge1$string$len + 649088\n5   chromedriver                        0x0000000104fbd7ec cxxbridge1$string$len + 334572\n6   chromedriver                        0x0000000105403ccc cxxbridge1$str$ptr + 2562928\n7   chromedriver                        0x0000000105406f98 cxxbridge1$str$ptr + 2575932\n8   chromedriver                        0x00000001053e42c4 cxxbridge1$str$ptr + 2433384\n9   chromedriver                        0x0000000105407810 cxxbridge1$str$ptr + 2578100\n10  chromedriver                        0x00000001053d52f0 cxxbridge1$str$ptr + 2371988\n11  chromedriver                        0x000000010542757c cxxbridge1$str$ptr + 2708512\n12  chromedriver                        0x0000000105427708 cxxbridge1$str$ptr + 2708908\n13  chromedriver                        0x000000010543693c cxxbridge1$str$ptr + 2770912\n14  libsystem_pthread.dylib             0x00000001905282e4 _pthread_start + 136\n15  libsystem_pthread.dylib             0x00000001905230fc thread_start + 8","time":{"start":1746194819578,"stop":1746194819578,"duration":0}}]},"d925be3fd8657173032113fbdc4e0b7c":{"statistic":{"failed":0,"broken":1,"skipped":0,"passed":0,"unknown":0,"total":1},"items":[{"uid":"f1820060269c1389","status":"broken","statusDetails":"selenium.common.exceptions.NoSuchElementException: Message: no such element: Unable to locate element: {\"method\":\"css selector\",\"selector\":\"input[name=\"username\"] ~ button[aria-label=\"Clear input\"]\"}\n  (Session info: chrome=135.0.7049.115); For documentation on this error, please visit: https://www.selenium.dev/documentation/webdriver/troubleshooting/errors#no-such-element-exception\nStacktrace:\n0   chromedriver                        0x000000010543ea54 cxxbridge1$str$ptr + 2803960\n1   chromedriver                        0x0000000105436cf0 cxxbridge1$str$ptr + 2771860\n2   chromedriver                        0x0000000104f82864 cxxbridge1$string$len + 93028\n3   chromedriver                        0x0000000104fc9410 cxxbridge1$string$len + 382736\n4   chromedriver                        0x000000010500a480 cxxbridge1$string$len + 649088\n5   chromedriver                        0x0000000104fbd7ec cxxbridge1$string$len + 334572\n6   chromedriver                        0x0000000105403ccc cxxbridge1$str$ptr + 2562928\n7   chromedriver                        0x0000000105406f98 cxxbridge1$str$ptr + 2575932\n8   chromedriver                        0x00000001053e42c4 cxxbridge1$str$ptr + 2433384\n9   chromedriver                        0x0000000105407810 cxxbridge1$str$ptr + 2578100\n10  chromedriver                        0x00000001053d52f0 cxxbridge1$str$ptr + 2371988\n11  chromedriver                        0x000000010542757c cxxbridge1$str$ptr + 2708512\n12  chromedriver                        0x0000000105427708 cxxbridge1$str$ptr + 2708908\n13  chromedriver                        0x000000010543693c cxxbridge1$str$ptr + 2770912\n14  libsystem_pthread.dylib             0x00000001905282e4 _pthread_start + 136\n15  libsystem_pthread.dylib             0x00000001905230fc thread_start + 8","time":{"start":1746194829671,"stop":1746194829671,"duration":0}}]},"45df7b39997413e77cbfaa6d92a4e4c2":{"statistic":{"failed":0,"broken":1,"skipped":0,"passed":0,"unknown":0,"total":1},"items":[{"uid":"ed48937b4fc4d4dc","status":"broken","statusDetails":"selenium.common.exceptions.NoSuchElementException: Message: no such element: Unable to locate element: {\"method\":\"css selector\",\"selector\":\"input[name=\"username\"] ~ button[aria-label=\"Clear input\"]\"}\n  (Session info: chrome=135.0.7049.115); For documentation on this error, please visit: https://www.selenium.dev/documentation/webdriver/troubleshooting/errors#no-such-element-exception\nStacktrace:\n0   chromedriver                        0x000000010051ea54 cxxbridge1$str$ptr + 2803960\n1   chromedriver                        0x0000000100516cf0 cxxbridge1$str$ptr + 2771860\n2   chromedriver                        0x0000000100062864 cxxbridge1$string$len + 93028\n3   chromedriver                        0x00000001000a9410 cxxbridge1$string$len + 382736\n4   chromedriver                        0x00000001000ea480 cxxbridge1$string$len + 649088\n5   chromedriver                        0x000000010009d7ec cxxbridge1$string$len + 334572\n6   chromedriver                        0x00000001004e3ccc cxxbridge1$str$ptr + 2562928\n7   chromedriver                        0x00000001004e6f98 cxxbridge1$str$ptr + 2575932\n8   chromedriver                        0x00000001004c42c4 cxxbridge1$str$ptr + 2433384\n9   chromedriver                        0x00000001004e7810 cxxbridge1$str$ptr + 2578100\n10  chromedriver                        0x00000001004b52f0 cxxbridge1$str$ptr + 2371988\n11  chromedriver                        0x000000010050757c cxxbridge1$str$ptr + 2708512\n12  chromedriver                        0x0000000100507708 cxxbridge1$str$ptr + 2708908\n13  chromedriver                        0x000000010051693c cxxbridge1$str$ptr + 2770912\n14  libsystem_pthread.dylib             0x00000001905282e4 _pthread_start + 136\n15  libsystem_pthread.dylib             0x00000001905230fc thread_start + 8","time":{"start":1746194842926,"stop":1746194842926,"duration":0}}]},"172d83bb98683f553527cc4af43d3485":{"statistic":{"failed":0,"broken":0,"skipped":0,"passed":1,"unknown":0,"total":1},"items":[{"uid":"762341a37add7e01","status":"passed","time":{"start":1746194815175,"stop":1746194819473,"duration":4298}}]}}